mode: atomic
github.com/ohthehugemanatee/db-to-ynab-golang/dbapi/main.go:38.25,39.37 1 1
github.com/ohthehugemanatee/db-to-ynab-golang/dbapi/main.go:43.2,43.11 1 0
github.com/ohthehugemanatee/db-to-ynab-golang/dbapi/main.go:39.37,42.3 2 1
github.com/ohthehugemanatee/db-to-ynab-golang/dbapi/main.go:47.34,55.27 2 5
github.com/ohthehugemanatee/db-to-ynab-golang/dbapi/main.go:60.2,60.18 1 0
github.com/ohthehugemanatee/db-to-ynab-golang/dbapi/main.go:55.27,56.14 1 15
github.com/ohthehugemanatee/db-to-ynab-golang/dbapi/main.go:56.14,58.4 1 5
github.com/ohthehugemanatee/db-to-ynab-golang/dbapi/main.go:64.64,67.16 2 2
github.com/ohthehugemanatee/db-to-ynab-golang/dbapi/main.go:72.2,73.16 2 1
github.com/ohthehugemanatee/db-to-ynab-golang/dbapi/main.go:76.2,76.44 1 1
github.com/ohthehugemanatee/db-to-ynab-golang/dbapi/main.go:67.16,71.3 3 1
github.com/ohthehugemanatee/db-to-ynab-golang/dbapi/main.go:73.16,75.3 1 0
github.com/ohthehugemanatee/db-to-ynab-golang/dbapi/main.go:80.61,82.16 2 4
github.com/ohthehugemanatee/db-to-ynab-golang/dbapi/main.go:85.2,85.41 1 4
github.com/ohthehugemanatee/db-to-ynab-golang/dbapi/main.go:90.2,92.12 3 4
github.com/ohthehugemanatee/db-to-ynab-golang/dbapi/main.go:82.16,84.3 1 0
github.com/ohthehugemanatee/db-to-ynab-golang/dbapi/main.go:85.41,89.3 3 0
github.com/ohthehugemanatee/db-to-ynab-golang/dbapi/main.go:96.37,98.16 2 1
github.com/ohthehugemanatee/db-to-ynab-golang/dbapi/main.go:101.2,102.12 2 1
github.com/ohthehugemanatee/db-to-ynab-golang/dbapi/main.go:98.16,100.3 1 0
github.com/ohthehugemanatee/db-to-ynab-golang/dbapi/main.go:106.43,108.2 1 2
github.com/ohthehugemanatee/db-to-ynab-golang/dbapi/cashaccount.go:38.62,40.2 1 0
github.com/ohthehugemanatee/db-to-ynab-golang/dbapi/cashaccount.go:43.91,45.47 1 3
github.com/ohthehugemanatee/db-to-ynab-golang/dbapi/cashaccount.go:48.2,49.27 2 2
github.com/ohthehugemanatee/db-to-ynab-golang/dbapi/cashaccount.go:45.47,47.3 1 1
github.com/ohthehugemanatee/db-to-ynab-golang/dbapi/cashaccount.go:53.99,61.16 8 1
github.com/ohthehugemanatee/db-to-ynab-golang/dbapi/cashaccount.go:64.2,65.30 2 1
github.com/ohthehugemanatee/db-to-ynab-golang/dbapi/cashaccount.go:61.16,63.3 1 0
github.com/ohthehugemanatee/db-to-ynab-golang/dbapi/cashaccount.go:69.53,71.2 1 0
github.com/ohthehugemanatee/db-to-ynab-golang/dbapi/cashaccount.go:74.92,76.2 1 0
github.com/ohthehugemanatee/db-to-ynab-golang/dbapi/cashaccount.go:79.173,84.43 5 2
github.com/ohthehugemanatee/db-to-ynab-golang/dbapi/cashaccount.go:89.2,89.41 1 2
github.com/ohthehugemanatee/db-to-ynab-golang/dbapi/cashaccount.go:93.2,93.30 1 2
github.com/ohthehugemanatee/db-to-ynab-golang/dbapi/cashaccount.go:84.43,85.32 1 4
github.com/ohthehugemanatee/db-to-ynab-golang/dbapi/cashaccount.go:85.32,87.4 1 4
github.com/ohthehugemanatee/db-to-ynab-golang/dbapi/cashaccount.go:89.41,92.3 2 4
github.com/ohthehugemanatee/db-to-ynab-golang/dbapi/cashaccount.go:97.136,99.16 2 4
github.com/ohthehugemanatee/db-to-ynab-golang/dbapi/cashaccount.go:102.2,113.20 3 4
github.com/ohthehugemanatee/db-to-ynab-golang/dbapi/cashaccount.go:99.16,101.3 1 0
github.com/ohthehugemanatee/db-to-ynab-golang/dbapi/creditaccount.go:45.64,47.2 1 0
github.com/ohthehugemanatee/db-to-ynab-golang/dbapi/creditaccount.go:50.93,53.2 2 4
github.com/ohthehugemanatee/db-to-ynab-golang/dbapi/creditaccount.go:56.101,58.16 2 0
github.com/ohthehugemanatee/db-to-ynab-golang/dbapi/creditaccount.go:61.2,61.69 1 0
github.com/ohthehugemanatee/db-to-ynab-golang/dbapi/creditaccount.go:58.16,60.3 1 0
github.com/ohthehugemanatee/db-to-ynab-golang/dbapi/creditaccount.go:65.55,67.2 1 0
github.com/ohthehugemanatee/db-to-ynab-golang/dbapi/creditaccount.go:70.94,72.2 1 0
github.com/ohthehugemanatee/db-to-ynab-golang/dbapi/creditaccount.go:75.123,77.16 2 2
github.com/ohthehugemanatee/db-to-ynab-golang/dbapi/creditaccount.go:80.2,85.26 6 1
github.com/ohthehugemanatee/db-to-ynab-golang/dbapi/creditaccount.go:77.16,79.3 1 1
github.com/ohthehugemanatee/db-to-ynab-golang/dbapi/creditaccount.go:88.81,91.16 3 2
github.com/ohthehugemanatee/db-to-ynab-golang/dbapi/creditaccount.go:94.2,94.45 1 2
github.com/ohthehugemanatee/db-to-ynab-golang/dbapi/creditaccount.go:99.2,99.85 1 1
github.com/ohthehugemanatee/db-to-ynab-golang/dbapi/creditaccount.go:91.16,93.3 1 0
github.com/ohthehugemanatee/db-to-ynab-golang/dbapi/creditaccount.go:94.45,95.52 1 2
github.com/ohthehugemanatee/db-to-ynab-golang/dbapi/creditaccount.go:95.52,97.4 1 1
github.com/ohthehugemanatee/db-to-ynab-golang/dbapi/creditaccount.go:103.133,110.43 7 1
github.com/ohthehugemanatee/db-to-ynab-golang/dbapi/creditaccount.go:115.2,115.41 1 1
github.com/ohthehugemanatee/db-to-ynab-golang/dbapi/creditaccount.go:119.2,119.30 1 1
github.com/ohthehugemanatee/db-to-ynab-golang/dbapi/creditaccount.go:110.43,111.34 1 1
github.com/ohthehugemanatee/db-to-ynab-golang/dbapi/creditaccount.go:111.34,113.4 1 1
github.com/ohthehugemanatee/db-to-ynab-golang/dbapi/creditaccount.go:115.41,118.3 2 1
github.com/ohthehugemanatee/db-to-ynab-golang/dbapi/creditaccount.go:122.146,124.16 2 1
github.com/ohthehugemanatee/db-to-ynab-golang/dbapi/creditaccount.go:127.2,138.20 4 1
github.com/ohthehugemanatee/db-to-ynab-golang/dbapi/creditaccount.go:124.16,126.3 1 0
